<?xml version="1.0" encoding="UTF-8" standalone="no"?>
<testsuite failures="0" name="cucumber.runtime.formatter.JUnitFormatter" skipped="0" tests="2" time="21.805184">
<testcase classname="" name="_2" time="12.429417">
<system-out><![CDATA[Given To pass valid flipkart url............................................passed
When To pass username and password..........................................passed
And Click login field.......................................................passed
]]></system-out>
</testcase>
<testcase classname="" name="_3" time="9.375767">
<system-out><![CDATA[Given To pass valid flipkart url............................................passed
When To pass valid username and password....................................passed
And Click login secondfield.................................................passed
]]></system-out>
</testcase>
</testsuite>
